2017-02-16 18:44:26 INFO  FTPClient:272 - < 220-FileZilla Server 0.9.59 beta
2017-02-16 18:44:26 INFO  FTPClient:272 - < 220-written by Tim Kosse (tim.kosse@filezilla-project.org)
2017-02-16 18:44:27 INFO  FTPClient:272 - < 220 Please visit https://filezilla-project.org/
2017-02-16 18:44:27 INFO  FTPClient:263 - > USER user
2017-02-16 18:44:27 INFO  FTPClient:272 - < 331 Password required for user
2017-02-16 18:44:27 INFO  FTPClient:263 - > PASS user
2017-02-16 18:44:27 INFO  FTPClient:272 - < 230 Logged on
2017-02-16 18:44:27 INFO  FTPClient:263 - > PASV
2017-02-16 18:44:27 INFO  FTPClient:272 - < 227 Entering Passive Mode (127,0,0,1,227,216)
2017-02-16 18:44:27 INFO  FTPClient:263 - > LIST /
2017-02-16 18:44:27 INFO  FTPClient:272 - < 150 Opening data channel for directory listing of "/"
2017-02-16 18:44:31 ERROR LocalFileSystemService:33 - java.nio.file.NoSuchFileException: Большая книга CSS3.pdf
2017-02-16 18:44:32 ERROR LocalFileSystemService:33 - java.nio.file.NoSuchFileException: Большая книга CSS3.pdf
2017-02-16 18:44:33 ERROR LocalFileSystemService:33 - java.nio.file.NoSuchFileException: Большая книга CSS3.pdf
2017-02-16 18:44:34 ERROR LocalFileSystemService:33 - java.nio.file.NoSuchFileException: Большая книга CSS3.pdf
2017-02-16 18:44:35 ERROR LocalFileSystemService:33 - java.nio.file.NoSuchFileException: Большая книга CSS3.pdf
2017-02-16 18:44:37 ERROR LocalFileSystemService:33 - java.nio.file.NoSuchFileException: Большая книга CSS3.pdf
2017-02-16 19:02:32 INFO  FTPClient:272 - < 220-FileZilla Server 0.9.59 beta
2017-02-16 19:02:32 INFO  FTPClient:272 - < 220-written by Tim Kosse (tim.kosse@filezilla-project.org)
2017-02-16 19:02:32 INFO  FTPClient:272 - < 220 Please visit https://filezilla-project.org/
2017-02-16 19:02:32 INFO  FTPClient:263 - > USER user
2017-02-16 19:02:32 INFO  FTPClient:272 - < 331 Password required for user
2017-02-16 19:02:32 INFO  FTPClient:263 - > PASS user
2017-02-16 19:02:32 INFO  FTPClient:272 - < 230 Logged on
2017-02-16 19:02:32 INFO  FTPClient:263 - > PASV
2017-02-16 19:02:32 INFO  FTPClient:272 - < 227 Entering Passive Mode (127,0,0,1,225,122)
2017-02-16 19:02:32 INFO  FTPClient:263 - > LIST /
2017-02-16 19:02:32 INFO  FTPClient:272 - < 150 Opening data channel for directory listing of "/"
2017-02-16 19:02:38 ERROR LocalFileSystemService:35 - java.nio.file.NoSuchFileException: 1
2017-02-16 19:04:29 INFO  FTPClient:272 - < 220-FileZilla Server 0.9.59 beta
2017-02-16 19:04:29 INFO  FTPClient:272 - < 220-written by Tim Kosse (tim.kosse@filezilla-project.org)
2017-02-16 19:04:29 INFO  FTPClient:272 - < 220 Please visit https://filezilla-project.org/
2017-02-16 19:04:29 INFO  FTPClient:263 - > USER user
2017-02-16 19:04:29 INFO  FTPClient:272 - < 331 Password required for user
2017-02-16 19:04:29 INFO  FTPClient:263 - > PASS user
2017-02-16 19:04:29 INFO  FTPClient:272 - < 230 Logged on
2017-02-16 19:04:29 INFO  FTPClient:263 - > PASV
2017-02-16 19:04:29 INFO  FTPClient:272 - < 227 Entering Passive Mode (127,0,0,1,246,223)
2017-02-16 19:04:29 INFO  FTPClient:263 - > LIST /
2017-02-16 19:04:29 INFO  FTPClient:272 - < 150 Opening data channel for directory listing of "/"
2017-02-16 19:04:32 ERROR LocalFileSystemService:35 - java.nio.file.NoSuchFileException: backup-mocks
2017-02-16 19:07:18 INFO  FTPClient:272 - < 220-FileZilla Server 0.9.59 beta
2017-02-16 19:07:18 INFO  FTPClient:272 - < 220-written by Tim Kosse (tim.kosse@filezilla-project.org)
2017-02-16 19:07:18 INFO  FTPClient:272 - < 220 Please visit https://filezilla-project.org/
2017-02-16 19:07:18 INFO  FTPClient:263 - > USER user
2017-02-16 19:07:18 INFO  FTPClient:272 - < 331 Password required for user
2017-02-16 19:07:18 INFO  FTPClient:263 - > PASS user
2017-02-16 19:07:18 INFO  FTPClient:272 - < 230 Logged on
2017-02-16 19:07:19 INFO  FTPClient:263 - > PASV
2017-02-16 19:07:19 INFO  FTPClient:272 - < 227 Entering Passive Mode (127,0,0,1,239,182)
2017-02-16 19:07:19 INFO  FTPClient:263 - > LIST /
2017-02-16 19:07:19 INFO  FTPClient:272 - < 150 Opening data channel for directory listing of "/"
2017-02-16 19:07:45 ERROR LocalFileSystemService:35 - java.nio.file.NoSuchFileException: 1
2017-02-16 19:07:57 INFO  FTPClient:272 - < 220-FileZilla Server 0.9.59 beta
2017-02-16 19:07:57 INFO  FTPClient:272 - < 220-written by Tim Kosse (tim.kosse@filezilla-project.org)
2017-02-16 19:07:57 INFO  FTPClient:272 - < 220 Please visit https://filezilla-project.org/
2017-02-16 19:07:57 INFO  FTPClient:263 - > USER user
2017-02-16 19:07:57 INFO  FTPClient:272 - < 331 Password required for user
2017-02-16 19:07:57 INFO  FTPClient:263 - > PASS user
2017-02-16 19:07:57 INFO  FTPClient:272 - < 230 Logged on
2017-02-16 19:07:57 INFO  FTPClient:263 - > PASV
2017-02-16 19:07:57 INFO  FTPClient:272 - < 227 Entering Passive Mode (127,0,0,1,236,105)
2017-02-16 19:07:57 INFO  FTPClient:263 - > LIST /
2017-02-16 19:07:57 INFO  FTPClient:272 - < 150 Opening data channel for directory listing of "/"
2017-02-16 19:08:18 ERROR LocalFileSystemService:35 - java.nio.file.NoSuchFileException: 1
2017-02-16 19:09:54 INFO  FTPClient:272 - < 220-FileZilla Server 0.9.59 beta
2017-02-16 19:09:54 INFO  FTPClient:272 - < 220-written by Tim Kosse (tim.kosse@filezilla-project.org)
2017-02-16 19:09:54 INFO  FTPClient:272 - < 220 Please visit https://filezilla-project.org/
2017-02-16 19:09:54 INFO  FTPClient:263 - > USER user
2017-02-16 19:09:54 INFO  FTPClient:272 - < 331 Password required for user
2017-02-16 19:09:54 INFO  FTPClient:263 - > PASS user
2017-02-16 19:09:54 INFO  FTPClient:272 - < 230 Logged on
2017-02-16 19:09:54 INFO  FTPClient:263 - > PASV
2017-02-16 19:09:54 INFO  FTPClient:272 - < 227 Entering Passive Mode (127,0,0,1,250,198)
2017-02-16 19:09:54 INFO  FTPClient:263 - > LIST /
2017-02-16 19:09:54 INFO  FTPClient:272 - < 150 Opening data channel for directory listing of "/"
2017-02-16 19:12:23 INFO  FTPClient:272 - < 220-FileZilla Server 0.9.59 beta
2017-02-16 19:12:23 INFO  FTPClient:272 - < 220-written by Tim Kosse (tim.kosse@filezilla-project.org)
2017-02-16 19:12:23 INFO  FTPClient:272 - < 220 Please visit https://filezilla-project.org/
2017-02-16 19:12:23 INFO  FTPClient:263 - > USER user
2017-02-16 19:12:23 INFO  FTPClient:272 - < 331 Password required for user
2017-02-16 19:12:23 INFO  FTPClient:263 - > PASS user
2017-02-16 19:12:23 INFO  FTPClient:272 - < 230 Logged on
2017-02-16 19:12:23 INFO  FTPClient:263 - > PASV
2017-02-16 19:12:23 INFO  FTPClient:272 - < 227 Entering Passive Mode (127,0,0,1,250,55)
2017-02-16 19:12:23 INFO  FTPClient:263 - > LIST /
2017-02-16 19:12:23 INFO  FTPClient:272 - < 150 Opening data channel for directory listing of "/"
2017-02-16 19:15:27 INFO  FTPClient:272 - < 220-FileZilla Server 0.9.59 beta
2017-02-16 19:15:27 INFO  FTPClient:272 - < 220-written by Tim Kosse (tim.kosse@filezilla-project.org)
2017-02-16 19:15:27 INFO  FTPClient:272 - < 220 Please visit https://filezilla-project.org/
2017-02-16 19:15:27 INFO  FTPClient:263 - > USER user
2017-02-16 19:15:27 INFO  FTPClient:272 - < 331 Password required for user
2017-02-16 19:15:27 INFO  FTPClient:263 - > PASS user
2017-02-16 19:15:27 INFO  FTPClient:272 - < 230 Logged on
2017-02-16 19:15:42 INFO  FTPClient:263 - > PASV
2017-02-16 19:15:42 INFO  FTPClient:272 - < 227 Entering Passive Mode (127,0,0,1,227,163)
2017-02-16 19:15:42 INFO  FTPClient:263 - > LIST /
2017-02-16 19:15:42 INFO  FTPClient:272 - < 150 Opening data channel for directory listing of "/"
2017-02-16 19:19:30 INFO  FTPClient:272 - < 220-FileZilla Server 0.9.59 beta
2017-02-16 19:19:30 INFO  FTPClient:272 - < 220-written by Tim Kosse (tim.kosse@filezilla-project.org)
2017-02-16 19:19:30 INFO  FTPClient:272 - < 220 Please visit https://filezilla-project.org/
2017-02-16 19:19:30 INFO  FTPClient:263 - > USER user
2017-02-16 19:19:30 INFO  FTPClient:272 - < 331 Password required for user
2017-02-16 19:19:30 INFO  FTPClient:263 - > PASS user
2017-02-16 19:19:30 INFO  FTPClient:272 - < 230 Logged on
2017-02-16 19:19:30 INFO  FTPClient:263 - > PASV
2017-02-16 19:19:30 INFO  FTPClient:272 - < 227 Entering Passive Mode (127,0,0,1,232,245)
2017-02-16 19:19:30 INFO  FTPClient:263 - > LIST /
2017-02-16 19:19:30 INFO  FTPClient:272 - < 150 Opening data channel for directory listing of "/"
2017-02-16 19:20:54 INFO  FTPClient:272 - < 220-FileZilla Server 0.9.59 beta
2017-02-16 19:20:54 INFO  FTPClient:272 - < 220-written by Tim Kosse (tim.kosse@filezilla-project.org)
2017-02-16 19:20:54 INFO  FTPClient:272 - < 220 Please visit https://filezilla-project.org/
2017-02-16 19:20:54 INFO  FTPClient:263 - > USER user
2017-02-16 19:20:54 INFO  FTPClient:272 - < 331 Password required for user
2017-02-16 19:20:54 INFO  FTPClient:263 - > PASS user
2017-02-16 19:20:54 INFO  FTPClient:272 - < 230 Logged on
2017-02-16 19:20:54 INFO  FTPClient:263 - > PASV
2017-02-16 19:20:54 INFO  FTPClient:272 - < 227 Entering Passive Mode (127,0,0,1,239,103)
2017-02-16 19:20:55 INFO  FTPClient:263 - > LIST /
2017-02-16 19:20:55 INFO  FTPClient:272 - < 150 Opening data channel for directory listing of "/"
2017-02-16 19:22:40 INFO  FTPClient:272 - < 220-FileZilla Server 0.9.59 beta
2017-02-16 19:22:40 INFO  FTPClient:272 - < 220-written by Tim Kosse (tim.kosse@filezilla-project.org)
2017-02-16 19:22:40 INFO  FTPClient:272 - < 220 Please visit https://filezilla-project.org/
2017-02-16 19:22:40 INFO  FTPClient:263 - > USER user
2017-02-16 19:22:40 INFO  FTPClient:272 - < 331 Password required for user
2017-02-16 19:22:40 INFO  FTPClient:263 - > PASS user
2017-02-16 19:22:40 INFO  FTPClient:272 - < 230 Logged on
2017-02-16 19:22:40 INFO  FTPClient:263 - > PASV
2017-02-16 19:22:40 INFO  FTPClient:272 - < 227 Entering Passive Mode (127,0,0,1,246,226)
2017-02-16 19:22:40 INFO  FTPClient:263 - > LIST /
2017-02-16 19:22:40 INFO  FTPClient:272 - < 150 Opening data channel for directory listing of "/"
